Sender: LSF System <phpcadmin@gpu46>
Subject: Job 645710: <module2> in cluster <phpc_cluster> Done

Job <module2> was submitted from host <elgato-login.hpc.arizona.edu> by user <gmrosier> in cluster <phpc_cluster>.
Job was executed on host(s) <gpu46>, in queue <windfall>, as user <gmrosier> in cluster <phpc_cluster>.
</home/u32/gmrosier> was used as the home directory.
</home/u32/gmrosier/ece569/build_dir> was used as the working directory.
Started at Mon Jan 30 21:14:32 2017
Results reported at Mon Jan 30 21:14:37 2017

Your job looked like:

------------------------------------------------------------
# LSBATCH: User input
###========================================
#!/bin/bash
#BSUB -n 1 
#BSUB -o lsf.out
#BSUB -e lsf.err
#BSUB -q "windfall"
#BSUB -J module2 
#---------------------------------------------------------------------
#BSUB -R gpu
#BSUB -R "span[ptile=2]"
mpirun -np 1 ./DeviceQuery_Solution > output.txt
###end of script

------------------------------------------------------------

Successfully completed.

Resource usage summary:

    CPU time :               0.16 sec.
    Max Memory :             2 MB
    Average Memory :         2.00 MB
    Total Requested Memory : -
    Delta Memory :           -
    (Delta: the difference between total requested memory and actual max usage.)
    Max Swap :               250 MB

    Max Processes :          4
    Max Threads :            5

The output (if any) follows:



PS:

Read file <lsf.err> for stderr output of this job.

Sender: LSF System <phpcadmin@gpu63>
Subject: Job 645711: <module2> in cluster <phpc_cluster> Done

Job <module2> was submitted from host <elgato-login.hpc.arizona.edu> by user <gmrosier> in cluster <phpc_cluster>.
Job was executed on host(s) <gpu63>, in queue <windfall>, as user <gmrosier> in cluster <phpc_cluster>.
</home/u32/gmrosier> was used as the home directory.
</home/u32/gmrosier/ece569/build_dir> was used as the working directory.
Started at Mon Jan 30 21:32:30 2017
Results reported at Mon Jan 30 21:32:30 2017

Your job looked like:

------------------------------------------------------------
# LSBATCH: User input
###========================================
#!/bin/bash
#BSUB -n 1 
#BSUB -o lsf.out
#BSUB -e lsf.err
#BSUB -q "windfall"
#BSUB -J module2 
#---------------------------------------------------------------------
#BSUB -R gpu
#BSUB -R "span[ptile=2]"
mpirun -np 1 ./ImageColorToGrayscale_Solution -e ./output.pbm -i input.ppm -t image > grayscale_output.txt
###end of script

------------------------------------------------------------

Successfully completed.

Resource usage summary:

    CPU time :               0.09 sec.
    Total Requested Memory : -
    Delta Memory :           -
    (Delta: the difference between total requested memory and actual max usage.)

The output (if any) follows:



PS:

Read file <lsf.err> for stderr output of this job.

Sender: LSF System <phpcadmin@gpu63>
Subject: Job 645712: <module2> in cluster <phpc_cluster> Done

Job <module2> was submitted from host <elgato-login.hpc.arizona.edu> by user <gmrosier> in cluster <phpc_cluster>.
Job was executed on host(s) <gpu63>, in queue <windfall>, as user <gmrosier> in cluster <phpc_cluster>.
</home/u32/gmrosier> was used as the home directory.
</home/u32/gmrosier/ece569/build_dir> was used as the working directory.
Started at Mon Jan 30 21:32:48 2017
Results reported at Mon Jan 30 21:32:48 2017

Your job looked like:

------------------------------------------------------------
# LSBATCH: User input
###========================================
#!/bin/bash
#BSUB -n 1 
#BSUB -o lsf.out
#BSUB -e lsf.err
#BSUB -q "windfall"
#BSUB -J module2 
#---------------------------------------------------------------------
#BSUB -R gpu
#BSUB -R "span[ptile=2]"
mpirun -np 1 ./ImageColorToGrayscale_Solution -e ./output.pbm -i input.ppm -t image > grayscale_output.txt
###end of script

------------------------------------------------------------

Successfully completed.

Resource usage summary:

    CPU time :               0.08 sec.
    Total Requested Memory : -
    Delta Memory :           -
    (Delta: the difference between total requested memory and actual max usage.)

The output (if any) follows:



PS:

Read file <lsf.err> for stderr output of this job.

Sender: LSF System <phpcadmin@gpu63>
Subject: Job 645713: <module2> in cluster <phpc_cluster> Done

Job <module2> was submitted from host <elgato-login.hpc.arizona.edu> by user <gmrosier> in cluster <phpc_cluster>.
Job was executed on host(s) <gpu63>, in queue <windfall>, as user <gmrosier> in cluster <phpc_cluster>.
</home/u32/gmrosier> was used as the home directory.
</home/u32/gmrosier/ece569/build_dir> was used as the working directory.
Started at Mon Jan 30 21:33:06 2017
Results reported at Mon Jan 30 21:33:07 2017

Your job looked like:

------------------------------------------------------------
# LSBATCH: User input
###========================================
#!/bin/bash
#BSUB -n 1 
#BSUB -o lsf.out
#BSUB -e lsf.err
#BSUB -q "windfall"
#BSUB -J module2 
#---------------------------------------------------------------------
#BSUB -R gpu
#BSUB -R "span[ptile=2]"
mpirun -np 1 ./VectorAdd_Solution -e ./output.raw -i input0.raw,input1.raw -t vector > vectoradd_output.txt
###end of script

------------------------------------------------------------

Successfully completed.

Resource usage summary:

    CPU time :               0.08 sec.
    Total Requested Memory : -
    Delta Memory :           -
    (Delta: the difference between total requested memory and actual max usage.)

The output (if any) follows:



PS:

Read file <lsf.err> for stderr output of this job.

Sender: LSF System <phpcadmin@gpu46>
Subject: Job 645714: <module2> in cluster <phpc_cluster> Done

Job <module2> was submitted from host <elgato-login.hpc.arizona.edu> by user <gmrosier> in cluster <phpc_cluster>.
Job was executed on host(s) <gpu46>, in queue <windfall>, as user <gmrosier> in cluster <phpc_cluster>.
</home/u32/gmrosier> was used as the home directory.
</home/u32/gmrosier/ece569/build_dir> was used as the working directory.
Started at Mon Jan 30 21:35:43 2017
Results reported at Mon Jan 30 21:35:43 2017

Your job looked like:

------------------------------------------------------------
# LSBATCH: User input
###========================================
#!/bin/bash
#BSUB -n 1 
#BSUB -o lsf.out
#BSUB -e lsf.err
#BSUB -q "windfall"
#BSUB -J module2 
#---------------------------------------------------------------------
#BSUB -R gpu
#BSUB -R "span[ptile=2]"
mpirun -np 1 ./VectorAdd_Solution -e ./output.raw -i input0.raw,input1.raw -t vector > vectoradd_output.txt
###end of script

------------------------------------------------------------

Successfully completed.

Resource usage summary:

    CPU time :               0.30 sec.
    Total Requested Memory : -
    Delta Memory :           -
    (Delta: the difference between total requested memory and actual max usage.)

The output (if any) follows:



PS:

Read file <lsf.err> for stderr output of this job.

